#
# A fatal error has been detected by the Java Runtime Environment:
#
#  EXCEPTION_ACCESS_VIOLATION (0xc0000005) at pc=0x6d0656df, pid=8132, tid=0x00001f40
#
# JRE version: Java(TM) SE Runtime Environment (8.0_111-b14) (build 1.8.0_111-b14)
# Java VM: Java HotSpot(TM) Client VM (25.111-b14 mixed mode windows-x86 )
# Problematic frame:
# V  [jvm.dll+0x956df]
#
# Failed to write core dump. Minidumps are not enabled by default on client versions of Windows
#
# If you would like to submit a bug report, please visit:
#   http://bugreport.java.com/bugreport/crash.jsp
#

---------------  T H R E A D  ---------------

Current thread (0x4427b800):  VMThread [stack: 0x01310000,0x01360000] [id=8000]

siginfo: ExceptionCode=0xc0000005, reading address 0x00000024

Registers:
EAX=0x00010000, EBX=0x00000008, ECX=0x00000020, EDX=0x195f03a8
ESP=0x0135ef28, EBP=0x0135ef38, ESI=0x011223e8, EDI=0x00010000
EIP=0x6d0656df, EFLAGS=0x00010293

Top of Stack: (sp=0x0135ef28)
0x0135ef28:   0135f054 195f0394 00000008 011223e8
0x0135ef38:   0135ef50 6d0a179d 00010000 195f0d00
0x0135ef48:   195f0388 0135f054 0135ef70 6d07530f
0x0135ef58:   195f03a8 0135f054 0127d188 0135f054
0x0135ef68:   011233f0 01126b18 0135ef84 6d06a6a1
0x0135ef78:   0135f054 01123444 00000001 0135ef9c
0x0135ef88:   6d068357 0135f054 011233f0 0135f094
0x0135ef98:   00000000 0135f1b8 6d064307 00000000 

Instructions: (pc=0x6d0656df)
0x6d0656bf:   ff c6 83 a0 01 00 00 00 5e 5b 5d c2 04 00 cc cc
0x6d0656cf:   cc 55 8b ec 51 53 56 57 8b 7d 08 8b f1 8b 4f 04
0x6d0656df:   8b 41 04 89 75 fc 85 c0 7e 09 a8 01 75 30 c1 f8
0x6d0656ef:   02 eb 33 79 29 8b 5f 08 8b 15 44 9c 33 6d 8b c8 


Register to memory mapping:

EAX=0x00010000 is an unknown value
EBX=0x00000008 is an unknown value
ECX=0x00000020 is an unknown value
EDX=0x195f03a8 is an oop
[Lcom.android.dx.rop.code.RegisterSpec; 
 - klass: 'com/android/dx/rop/code/RegisterSpec'[]
 - length: 5
ESP=0x0135ef28 is an unknown value
EBP=0x0135ef38 is an unknown value
ESI=0x011223e8 is an unknown value
EDI=0x00010000 is an unknown value


Stack: [0x01310000,0x01360000],  sp=0x0135ef28,  free space=315k
Native frames: (J=compiled Java code, j=interpreted, Vv=VM code, C=native code)
V  [jvm.dll+0x956df]
V  [jvm.dll+0xd179d]
V  [jvm.dll+0xa530f]
V  [jvm.dll+0x9a6a1]
V  [jvm.dll+0x98357]
V  [jvm.dll+0x94307]
V  [jvm.dll+0x98fc3]
V  [jvm.dll+0x92f35]
V  [jvm.dll+0x1b8c86]
V  [jvm.dll+0x182fcb]
V  [jvm.dll+0x1823d1]
V  [jvm.dll+0x1827e7]
V  [jvm.dll+0x1829e2]
V  [jvm.dll+0x1c29c6]
C  [msvcr100.dll+0x5c556]
C  [msvcr100.dll+0x5c600]
C  [kernel32.dll+0x51174]
C  [ntdll.dll+0x5b3f5]
C  [ntdll.dll+0x5b3c8]

VM_Operation (0x0125e858): GenCollectForAllocation, mode: safepoint, requested by thread 0x0127c000


---------------  P R O C E S S  ---------------

Java Threads: ( => current thread )
  0x4442ec00 JavaThread "pool-2-thread-4" [_thread_blocked, id=3732, stack(0x44b40000,0x44b90000)]
  0x4442d800 JavaThread "pool-2-thread-3" [_thread_blocked, id=4672, stack(0x449f0000,0x44a40000)]
  0x443fcc00 JavaThread "pool-2-thread-2" [_thread_blocked, id=8108, stack(0x44870000,0x448c0000)]
  0x443f8400 JavaThread "pool-3-thread-1" [_thread_blocked, id=5308, stack(0x448e0000,0x44930000)]
  0x443f7c00 JavaThread "pool-2-thread-1" [_thread_blocked, id=4804, stack(0x447d0000,0x44820000)]
  0x442dd000 JavaThread "Service Thread" daemon [_thread_blocked, id=8164, stack(0x44770000,0x447c0000)]
  0x442cc800 JavaThread "C1 CompilerThread0" daemon [_thread_blocked, id=8112, stack(0x44820000,0x44870000)]
  0x442cb800 JavaThread "Attach Listener" daemon [_thread_blocked, id=7888, stack(0x44700000,0x44750000)]
  0x442c8800 JavaThread "Signal Dispatcher" daemon [_thread_blocked, id=8168, stack(0x03ba0000,0x03bf0000)]
  0x442a9800 JavaThread "Finalizer" daemon [_thread_blocked, id=5224, stack(0x44640000,0x44690000)]
  0x44283400 JavaThread "Reference Handler" daemon [_thread_blocked, id=7744, stack(0x445b0000,0x44600000)]
  0x0127c000 JavaThread "main" [_thread_blocked, id=7512, stack(0x01210000,0x01260000)]

Other Threads:
=>0x4427b800 VMThread [stack: 0x01310000,0x01360000] [id=8000]
  0x442c5400 WatcherThread [stack: 0x446a0000,0x446f0000] [id=8016]

VM state:at safepoint (normal execution)

VM Mutex/Monitor currently owned by a thread:  ([mutex/lock_event])
[0x0127a078] Threads_lock - owner thread: 0x4427b800
[0x0127a488] Heap_lock - owner thread: 0x0127c000

Heap:
 def new generation   total 4928K, used 4928K [0x03c00000, 0x04150000, 0x19150000)
  eden space 4416K, 100% used [0x03c00000, 0x04050000, 0x04050000)
  from space 512K, 100% used [0x040d0000, 0x04150000, 0x04150000)
  to   space 512K, 100% used [0x04050000, 0x040d0000, 0x040d0000)
 tenured generation   total 10944K, used 4774K [0x19150000, 0x19c00000, 0x43c00000)
   the space 10944K,  43% used [0x19150000, 0x195f9b48, 0x195f9c00, 0x19c00000)
 Metaspace       used 3421K, capacity 3526K, committed 3648K, reserved 4480K

Card table byte_map: [0x43c00000,0x43e10000] byte_map_base: 0x43be2000

Polling page: 0x001b0000

CodeCache: size=32768Kb used=1955Kb max_used=1955Kb free=30812Kb
 bounds [0x01ba0000, 0x01d90000, 0x03ba0000]
 total_blobs=820 nmethods=677 adapters=74
 compilation: enabled

Compilation events (10 events):
Event: 1.161 Thread 0x442cc800  673             java.util.TreeMap::fixAfterInsertion (267 bytes)
Event: 1.162 Thread 0x442cc800 nmethod 673 0x01d86688 code [0x01d86840, 0x01d86e30]
Event: 1.162 Thread 0x442cc800  674             com.android.dx.cf.code.LocalVariableList$Item::getType (11 bytes)
Event: 1.162 Thread 0x442cc800 nmethod 674 0x01d876c8 code [0x01d877d0, 0x01d8786c]
Event: 1.162 Thread 0x442cc800  675             com.android.dx.ssa.SsaBasicBlock::replaceSuccessor (125 bytes)
Event: 1.163 Thread 0x442cc800 nmethod 675 0x01d87908 code [0x01d87ab0, 0x01d87e78]
Event: 1.163 Thread 0x442cc800  676             com.android.dx.ssa.back.FirstFitLocalCombiningAllocator::getLocalItemForReg (97 bytes)
Event: 1.163 Thread 0x442cc800 nmethod 676 0x01d88588 code [0x01d88710, 0x01d889d0]
Event: 1.163 Thread 0x442cc800  677             com.android.dx.cf.code.BaseMachine::auxIntArg (6 bytes)
Event: 1.163 Thread 0x442cc800 nmethod 677 0x01d88cc8 code [0x01d88dc0, 0x01d88e40]

GC Heap History (10 events):
Event: 0.327 GC heap after
Heap after GC invocations=1 (full 0):
 def new generation   total 4928K, used 512K [0x03c00000, 0x04150000, 0x19150000)
  eden space 4416K,   0% used [0x03c00000, 0x03c00000, 0x04050000)
  from space 512K, 100% used [0x040d0000, 0x04150000, 0x04150000)
  to   space 512K,   0% used [0x04050000, 0x04050000, 0x040d0000)
 tenured generation   total 10944K, used 325K [0x19150000, 0x19c00000, 0x43c00000)
   the space 10944K,   2% used [0x19150000, 0x191a1480, 0x191a1600, 0x19c00000)
 Metaspace       used 2325K, capacity 2502K, committed 2624K, reserved 4480K
}
Event: 0.427 GC heap before
{Heap before GC invocations=1 (full 0):
 def new generation   total 4928K, used 4928K [0x03c00000, 0x04150000, 0x19150000)
  eden space 4416K, 100% used [0x03c00000, 0x04050000, 0x04050000)
  from space 512K, 100% used [0x040d0000, 0x04150000, 0x04150000)
  to   space 512K,   0% used [0x04050000, 0x04050000, 0x040d0000)
 tenured generation   total 10944K, used 325K [0x19150000, 0x19c00000, 0x43c00000)
   the space 10944K,   2% used [0x19150000, 0x191a1480, 0x191a1600, 0x19c00000)
 Metaspace       used 3108K, capacity 3238K, committed 3264K, reserved 4480K
Event: 0.431 GC heap after
Heap after GC invocations=2 (full 0):
 def new generation   total 4928K, used 512K [0x03c00000, 0x04150000, 0x19150000)
  eden space 4416K,   0% used [0x03c00000, 0x03c00000, 0x04050000)
  from space 512K, 100% used [0x04050000, 0x040d0000, 0x040d0000)
  to   space 512K,   0% used [0x040d0000, 0x040d0000, 0x04150000)
 tenured generation   total 10944K, used 1796K [0x19150000, 0x19c00000, 0x43c00000)
   the space 10944K,  16% used [0x19150000, 0x19311158, 0x19311200, 0x19c00000)
 Metaspace       used 3108K, capacity 3238K, committed 3264K, reserved 4480K
}
Event: 0.615 GC heap before
{Heap before GC invocations=2 (full 0):
 def new generation   total 4928K, used 4928K [0x03c00000, 0x04150000, 0x19150000)
  eden space 4416K, 100% used [0x03c00000, 0x04050000, 0x04050000)
  from space 512K, 100% used [0x04050000, 0x040d0000, 0x040d0000)
  to   space 512K,   0% used [0x040d0000, 0x040d0000, 0x04150000)
 tenured generation   total 10944K, used 1796K [0x19150000, 0x19c00000, 0x43c00000)
   the space 10944K,  16% used [0x19150000, 0x19311158, 0x19311200, 0x19c00000)
 Metaspace       used 3389K, capacity 3494K, committed 3520K, reserved 4480K
Event: 0.620 GC heap after
Heap after GC invocations=3 (full 0):
 def new generation   total 4928K, used 512K [0x03c00000, 0x04150000, 0x19150000)
  eden space 4416K,   0% used [0x03c00000, 0x03c00000, 0x04050000)
  from space 512K, 100% used [0x040d0000, 0x04150000, 0x04150000)
  to   space 512K,   0% used [0x04050000, 0x04050000, 0x040d0000)
 tenured generation   total 10944K, used 3031K [0x19150000, 0x19c00000, 0x43c00000)
   the space 10944K,  27% used [0x19150000, 0x19445fc0, 0x19446000, 0x19c00000)
 Metaspace       used 3389K, capacity 3494K, committed 3520K, reserved 4480K
}
Event: 0.835 GC heap before
{Heap before GC invocations=3 (full 0):
 def new generation   total 4928K, used 4928K [0x03c00000, 0x04150000, 0x19150000)
  eden space 4416K, 100% used [0x03c00000, 0x04050000, 0x04050000)
  from space 512K, 100% used [0x040d0000, 0x04150000, 0x04150000)
  to   space 512K,   0% used [0x04050000, 0x04050000, 0x040d0000)
 tenured generation   total 10944K, used 3031K [0x19150000, 0x19c00000, 0x43c00000)
   the space 10944K,  27% used [0x19150000, 0x19445fc0, 0x19446000, 0x19c00000)
 Metaspace       used 3411K, capacity 3494K, committed 3520K, reserved 4480K
Event: 0.841 GC heap after
Heap after GC invocations=4 (full 0):
 def new generation   total 4928K, used 512K [0x03c00000, 0x04150000, 0x19150000)
  eden space 4416K,   0% used [0x03c00000, 0x03c00000, 0x04050000)
  from space 512K, 100% used [0x04050000, 0x040d0000, 0x040d0000)
  to   space 512K,   0% used [0x040d0000, 0x040d0000, 0x04150000)
 tenured generation   total 10944K, used 4028K [0x19150000, 0x19c00000, 0x43c00000)
   the space 10944K,  36% used [0x19150000, 0x1953f150, 0x1953f200, 0x19c00000)
 Metaspace       used 3411K, capacity 3494K, committed 3520K, reserved 4480K
}
Event: 1.079 GC heap before
{Heap before GC invocations=4 (full 0):
 def new generation   total 4928K, used 4928K [0x03c00000, 0x04150000, 0x19150000)
  eden space 4416K, 100% used [0x03c00000, 0x04050000, 0x04050000)
  from space 512K, 100% used [0x04050000, 0x040d0000, 0x040d0000)
  to   space 512K,   0% used [0x040d0000, 0x040d0000, 0x04150000)
 tenured generation   total 10944K, used 4028K [0x19150000, 0x19c00000, 0x43c00000)
   the space 10944K,  36% used [0x19150000, 0x1953f150, 0x1953f200, 0x19c00000)
 Metaspace       used 3416K, capacity 3526K, committed 3648K, reserved 4480K
Event: 1.083 GC heap after
Heap after GC invocations=5 (full 0):
 def new generation   total 4928K, used 512K [0x03c00000, 0x04150000, 0x19150000)
  eden space 4416K,   0% used [0x03c00000, 0x03c00000, 0x04050000)
  from space 512K, 100% used [0x040d0000, 0x04150000, 0x04150000)
  to   space 512K,   0% used [0x04050000, 0x04050000, 0x040d0000)
 tenured generation   total 10944K, used 4535K [0x19150000, 0x19c00000, 0x43c00000)
   the space 10944K,  41% used [0x19150000, 0x195bdfe8, 0x195be000, 0x19c00000)
 Metaspace       used 3416K, capacity 3526K, committed 3648K, reserved 4480K
}
Event: 1.164 GC heap before
{Heap before GC invocations=5 (full 0):
 def new generation   total 4928K, used 4928K [0x03c00000, 0x04150000, 0x19150000)
  eden space 4416K, 100% used [0x03c00000, 0x04050000, 0x04050000)
  from space 512K, 100% used [0x040d0000, 0x04150000, 0x04150000)
  to   space 512K,   0% used [0x04050000, 0x04050000, 0x040d0000)
 tenured generation   total 10944K, used 4535K [0x19150000, 0x19c00000, 0x43c00000)
   the space 10944K,  41% used [0x19150000, 0x195bdfe8, 0x195be000, 0x19c00000)
 Metaspace       used 3421K, capacity 3526K, committed 3648K, reserved 4480K

Deoptimization events (0 events):
No events

Internal exceptions (2 events):
Event: 0.072 Thread 0x0127c000 Exception <a 'java/lang/NoSuchMethodError': Method sun.misc.Unsafe.defineClass(Ljava/lang/String;[BII)Ljava/lang/Class; name or signature does not match> (0x03c06e68) thrown at [C:\re\workspace\8-2-build-windows-i586-cygwin\jdk8u111\7883\hotspot\src\share
Event: 0.072 Thread 0x0127c000 Exception <a 'java/lang/NoSuchMethodError': Method sun.misc.Unsafe.prefetchRead(Ljava/lang/Object;J)V name or signature does not match> (0x03c07138) thrown at [C:\re\workspace\8-2-build-windows-i586-cygwin\jdk8u111\7883\hotspot\src\share\vm\prims\jni.cpp,

Events (10 events):
Event: 0.969 loading class com/android/dx/cf/code/SwitchList done
Event: 0.979 Executing VM operation: GenCollectForAllocation
Event: 1.083 Executing VM operation: GenCollectForAllocation done
Event: 1.137 loading class com/android/dx/cf/code/Ropper$ExceptionHandlerSetup
Event: 1.137 loading class com/android/dx/cf/code/Ropper$ExceptionHandlerSetup done
Event: 1.138 loading class java/util/HashMap$Values
Event: 1.138 loading class java/util/HashMap$Values done
Event: 1.138 loading class java/util/HashMap$ValueIterator
Event: 1.138 loading class java/util/HashMap$ValueIterator done
Event: 1.164 Executing VM operation: GenCollectForAllocation


Dynamic libraries:
0x013a0000 - 0x013d3000 	C:\Program Files\Java\jdk1.8.0_111\bin\java.exe
0x77010000 - 0x7714c000 	C:\Windows\SYSTEM32\ntdll.dll
0x77c80000 - 0x77caf000 	C:\Program Files\AVAST Software\Avast\aswhookx.dll
0x77160000 - 0x77234000 	C:\Windows\system32\kernel32.dll
0x75220000 - 0x7526a000 	C:\Windows\system32\KERNELBASE.dll
0x75a30000 - 0x75ad0000 	C:\Windows\system32\ADVAPI32.dll
0x75550000 - 0x755fc000 	C:\Windows\system32\msvcrt.dll
0x75860000 - 0x75879000 	C:\Windows\SYSTEM32\sechost.dll
0x754a0000 - 0x75541000 	C:\Windows\system32\RPCRT4.dll
0x75910000 - 0x759d9000 	C:\Windows\system32\USER32.dll
0x76c90000 - 0x76cde000 	C:\Windows\system32\GDI32.dll
0x77150000 - 0x7715a000 	C:\Windows\system32\LPK.dll
0x76720000 - 0x767bd000 	C:\Windows\system32\USP10.dll
0x740f0000 - 0x7428e000 	C:\Windows\WinSxS\x86_microsoft.windows.common-controls_6595b64144ccf1df_6.0.7600.16385_none_421189da2b7fabfc\COMCTL32.dll
0x76f30000 - 0x76f87000 	C:\Windows\system32\SHLWAPI.dll
0x759e0000 - 0x759ff000 	C:\Windows\system32\IMM32.DLL
0x75600000 - 0x756cc000 	C:\Windows\system32\MSCTF.dll
0x77950000 - 0x77a0f000 	C:\Program Files\Java\jdk1.8.0_111\jre\bin\msvcr100.dll
0x6cfd0000 - 0x6d39d000 	C:\Program Files\Java\jdk1.8.0_111\jre\bin\client\jvm.dll
0x72f40000 - 0x72f47000 	C:\Windows\system32\WSOCK32.dll
0x75700000 - 0x75735000 	C:\Windows\system32\WS2_32.dll
0x756d0000 - 0x756d6000 	C:\Windows\system32\NSI.dll
0x6c930000 - 0x6c962000 	C:\Windows\system32\WINMM.dll
0x746a0000 - 0x746a9000 	C:\Windows\system32\VERSION.dll
0x756f0000 - 0x756f5000 	C:\Windows\system32\PSAPI.DLL
0x66870000 - 0x6687c000 	C:\Program Files\Java\jdk1.8.0_111\jre\bin\verify.dll
0x52a70000 - 0x52a91000 	C:\Program Files\Java\jdk1.8.0_111\jre\bin\java.dll
0x62bb0000 - 0x62bc3000 	C:\Program Files\Java\jdk1.8.0_111\jre\bin\zip.dll
0x75ad0000 - 0x76719000 	C:\Windows\system32\SHELL32.dll
0x76b30000 - 0x76c8c000 	C:\Windows\system32\ole32.dll
0x751a0000 - 0x751ab000 	C:\Windows\system32\profapi.dll
0x6c6d0000 - 0x6c7bb000 	C:\Windows\system32\dbghelp.dll

VM Arguments:
jvm_args: -Djava.awt.headless=true -Xmx1024M -Dfile.encoding=windows-1252 -Duser.country=US -Duser.language=en -Duser.variant 
java_command: com.android.dx.command.Main --dex --force-jumbo --num-threads=4 --multi-dex --output D:\kiran\Android Projects\ECommereceAssessment\app\build\intermediates\transforms\dex\debug\folders\1000\10\com.android.support-recyclerview-v7-25.3.1_c1998378e33142a18f187e9c1e079a8c6411abfd D:\kiran\Android Projects\ECommereceAssessment\app\build\intermediates\exploded-aar\com.android.support\recyclerview-v7\25.3.1\jars\classes.jar
java_class_path (initial): D:\kiran\Sdk\Sdk\build-tools\27.0.0\lib\dx.jar
Launcher Type: SUN_STANDARD

Environment Variables:
PATH=C:\Program Files\Java\jdk1.8.0_111\bin;C:\Program Files\Java\jre1.8.0_111\bin;C:\Program Files\nodejs\;C:\Users\yahoo\AppData\Roaming\npm
USERNAME=yahoo
OS=Windows_NT
PROCESSOR_IDENTIFIER=x86 Family 6 Model 23 Stepping 10, GenuineIntel



---------------  S Y S T E M  ---------------

OS: Windows 7 Build 7600 (6.1.7600.16385)

CPU:total 2 (2 cores per cpu, 1 threads per core) family 6 model 23 stepping 10, cmov, cx8, fxsr, mmx, sse, sse2, sse3, ssse3, sse4.1, tsc

Memory: 4k page, physical 3667552k(566660k free), swap 7333340k(3670912k free)

vm_info: Java HotSpot(TM) Client VM (25.111-b14) for windows-x86 JRE (1.8.0_111-b14), built on Sep 22 2016 18:54:33 by "java_re" with MS VC++ 10.0 (VS2010)

time: Thu Feb 01 11:11:03 2018
elapsed time: 1 seconds (0d 0h 0m 1s)

